[2026-03-17 00:04:17] [bootstrap] === Bootstrap started ===
[2026-03-17 00:04:17] [bootstrap] Platform: macos, WSL: false, Root: false
[2026-03-17 00:04:17] [bootstrap] Node 22.15.0 at /usr/local/bin/node (major=22, ok=true)
[2026-03-17 00:04:17] [bootstrap] Running npm ci 

> nanoclaw@1.2.15 prepare
> husky


added 133 packages, and audited 134 packages in 2s

34 packages are looking for funding
  run `npm fund` for details

1 high severity vulnerability

To address all issues, run:
  npm audit fix

Run `npm audit` for details.
[2026-03-17 00:04:20] [bootstrap] npm install succeeded
[2026-03-17 00:04:20] [bootstrap] Verifying native modules
[2026-03-17 00:04:20] [bootstrap] better-sqlite3 loads OK
[2026-03-17 00:04:20] [bootstrap] Build tools: true
[2026-03-17 00:04:20] [bootstrap] === Bootstrap completed: success ===
[2026-03-17 00:10:44] [bootstrap] === Bootstrap started ===
[2026-03-17 00:10:44] [bootstrap] Platform: macos, WSL: false, Root: false
[2026-03-17 00:10:44] [bootstrap] Node 22.15.0 at /usr/local/bin/node (major=22, ok=true)
[2026-03-17 00:10:44] [bootstrap] Running npm ci 

> nanoclaw@1.2.15 prepare
> husky


added 133 packages, and audited 134 packages in 2s

34 packages are looking for funding
  run `npm fund` for details

1 high severity vulnerability

To address all issues, run:
  npm audit fix

Run `npm audit` for details.
[2026-03-17 00:10:45] [bootstrap] npm install succeeded
[2026-03-17 00:10:45] [bootstrap] Verifying native modules
[2026-03-17 00:10:46] [bootstrap] better-sqlite3 loads OK
[2026-03-17 00:10:46] [bootstrap] Build tools: true
[2026-03-17 00:10:46] [bootstrap] === Bootstrap completed: success ===
